mode: set
github.com/kasiss-liu/taskeeper/cmd.go:22.52,26.2 3 1
github.com/kasiss-liu/taskeeper/cmd.go:29.33,31.2 1 1
github.com/kasiss-liu/taskeeper/cmd.go:34.35,36.2 1 1
github.com/kasiss-liu/taskeeper/cmd.go:39.31,45.17 5 1
github.com/kasiss-liu/taskeeper/cmd.go:48.2,49.16 2 1
github.com/kasiss-liu/taskeeper/cmd.go:54.2,55.10 2 1
github.com/kasiss-liu/taskeeper/cmd.go:45.17,47.3 1 0
github.com/kasiss-liu/taskeeper/cmd.go:49.16,52.3 2 1
github.com/kasiss-liu/taskeeper/cmd.go:57.31,59.2 1 1
github.com/kasiss-liu/taskeeper/cmd.go:61.36,63.2 1 1
github.com/kasiss-liu/taskeeper/cmd.go:66.29,68.2 1 1
github.com/kasiss-liu/taskeeper/cmd.go:71.41,73.2 1 0
github.com/kasiss-liu/taskeeper/cmd.go:76.32,77.22 1 1
github.com/kasiss-liu/taskeeper/cmd.go:80.2,81.16 2 0
github.com/kasiss-liu/taskeeper/cmd.go:84.2,84.23 1 0
github.com/kasiss-liu/taskeeper/cmd.go:77.22,79.3 1 1
github.com/kasiss-liu/taskeeper/cmd.go:81.16,83.3 1 0
github.com/kasiss-liu/taskeeper/cmd.go:89.52,91.2 1 1
github.com/kasiss-liu/taskeeper/cmd.go:94.47,96.2 1 0
github.com/kasiss-liu/taskeeper/cmd.go:100.35,102.2 1 0
github.com/kasiss-liu/taskeeper/cmd.go:105.68,113.2 1 1
github.com/kasiss-liu/taskeeper/run.go:30.13,33.2 2 1
github.com/kasiss-liu/taskeeper/run.go:35.12,39.15 2 1
github.com/kasiss-liu/taskeeper/run.go:44.2,44.16 1 1
github.com/kasiss-liu/taskeeper/run.go:50.2,52.12 2 1
github.com/kasiss-liu/taskeeper/run.go:56.2,58.6 2 1
github.com/kasiss-liu/taskeeper/run.go:39.15,43.3 3 1
github.com/kasiss-liu/taskeeper/run.go:44.16,47.3 2 0
github.com/kasiss-liu/taskeeper/run.go:52.12,54.3 1 1
github.com/kasiss-liu/taskeeper/run.go:58.6,60.14 2 1
github.com/kasiss-liu/taskeeper/run.go:62.18,65.10 2 0
github.com/kasiss-liu/taskeeper/run.go:67.18,69.18 2 1
github.com/kasiss-liu/taskeeper/run.go:77.17,78.15 1 1
github.com/kasiss-liu/taskeeper/run.go:80.16,84.10 4 1
github.com/kasiss-liu/taskeeper/run.go:85.11,86.44 1 0
github.com/kasiss-liu/taskeeper/run.go:69.18,75.5 5 1
github.com/kasiss-liu/taskeeper/run.go:95.23,96.96 1 1
github.com/kasiss-liu/taskeeper/run.go:96.96,98.3 1 0
github.com/kasiss-liu/taskeeper/run.go:102.46,104.6 2 1
github.com/kasiss-liu/taskeeper/run.go:167.2,167.18 1 1
github.com/kasiss-liu/taskeeper/run.go:104.6,108.19 2 1
github.com/kasiss-liu/taskeeper/run.go:116.3,125.17 6 1
github.com/kasiss-liu/taskeeper/run.go:129.3,129.45 1 1
github.com/kasiss-liu/taskeeper/run.go:134.3,142.46 6 0
github.com/kasiss-liu/taskeeper/run.go:163.3,164.45 2 0
github.com/kasiss-liu/taskeeper/run.go:108.19,113.9 5 0
github.com/kasiss-liu/taskeeper/run.go:125.17,127.4 1 0
github.com/kasiss-liu/taskeeper/run.go:129.45,131.9 1 1
github.com/kasiss-liu/taskeeper/run.go:142.46,144.37 1 0
github.com/kasiss-liu/taskeeper/run.go:144.37,148.48 2 0
github.com/kasiss-liu/taskeeper/run.go:157.5,157.13 1 0
github.com/kasiss-liu/taskeeper/run.go:148.48,155.11 5 0
github.com/kasiss-liu/taskeeper/run.go:171.17,172.44 1 1
github.com/kasiss-liu/taskeeper/run.go:172.44,178.17 6 1
github.com/kasiss-liu/taskeeper/run.go:178.17,180.4 1 0
github.com/kasiss-liu/taskeeper/run.go:180.9,182.4 1 1
github.com/kasiss-liu/taskeeper/run.go:187.25,189.16 2 1
github.com/kasiss-liu/taskeeper/run.go:193.2,193.12 1 1
github.com/kasiss-liu/taskeeper/run.go:189.16,192.3 2 0
github.com/kasiss-liu/taskeeper/run.go:197.17,207.2 8 1
github.com/kasiss-liu/taskeeper/run.go:210.24,212.27 1 1
github.com/kasiss-liu/taskeeper/run.go:218.2,218.28 1 1
github.com/kasiss-liu/taskeeper/run.go:226.2,226.20 1 1
github.com/kasiss-liu/taskeeper/run.go:232.2,232.12 1 1
github.com/kasiss-liu/taskeeper/run.go:212.27,216.3 3 0
github.com/kasiss-liu/taskeeper/run.go:218.28,219.20 1 1
github.com/kasiss-liu/taskeeper/run.go:219.20,223.4 3 1
github.com/kasiss-liu/taskeeper/run.go:226.20,228.3 1 1
github.com/kasiss-liu/taskeeper/run.go:228.8,231.3 1 1
github.com/kasiss-liu/taskeeper/sig.go:55.13,70.2 5 1
github.com/kasiss-liu/taskeeper/sig.go:72.27,74.22 1 1
github.com/kasiss-liu/taskeeper/sig.go:75.17,76.14 1 0
github.com/kasiss-liu/taskeeper/sig.go:78.25,79.14 1 1
github.com/kasiss-liu/taskeeper/sig.go:85.18,89.16 4 1
github.com/kasiss-liu/taskeeper/sig.go:92.2,93.16 2 1
github.com/kasiss-liu/taskeeper/sig.go:97.2,97.12 1 1
github.com/kasiss-liu/taskeeper/sig.go:111.2,111.60 1 1
github.com/kasiss-liu/taskeeper/sig.go:89.16,91.3 1 0
github.com/kasiss-liu/taskeeper/sig.go:93.16,95.3 1 0
github.com/kasiss-liu/taskeeper/sig.go:97.12,98.7 1 1
github.com/kasiss-liu/taskeeper/sig.go:98.7,100.18 2 1
github.com/kasiss-liu/taskeeper/sig.go:108.4,108.22 1 1
github.com/kasiss-liu/taskeeper/sig.go:100.18,101.40 1 0
github.com/kasiss-liu/taskeeper/sig.go:104.5,105.13 2 0
github.com/kasiss-liu/taskeeper/sig.go:101.40,102.11 1 0
github.com/kasiss-liu/taskeeper/sig.go:115.31,116.6 1 1
github.com/kasiss-liu/taskeeper/sig.go:116.6,119.17 3 1
github.com/kasiss-liu/taskeeper/sig.go:126.3,128.17 3 1
github.com/kasiss-liu/taskeeper/sig.go:119.17,120.21 1 1
github.com/kasiss-liu/taskeeper/sig.go:123.4,124.9 2 1
github.com/kasiss-liu/taskeeper/sig.go:120.21,122.5 1 0
github.com/kasiss-liu/taskeeper/sig.go:134.19,138.16 4 1
github.com/kasiss-liu/taskeeper/sig.go:141.2,143.12 2 1
github.com/kasiss-liu/taskeeper/sig.go:157.2,157.44 1 1
github.com/kasiss-liu/taskeeper/sig.go:138.16,140.3 1 0
github.com/kasiss-liu/taskeeper/sig.go:143.12,144.7 1 1
github.com/kasiss-liu/taskeeper/sig.go:144.7,146.18 2 1
github.com/kasiss-liu/taskeeper/sig.go:154.4,154.22 1 0
github.com/kasiss-liu/taskeeper/sig.go:146.18,147.40 1 1
github.com/kasiss-liu/taskeeper/sig.go:150.5,151.13 2 0
github.com/kasiss-liu/taskeeper/sig.go:147.40,148.11 1 1
github.com/kasiss-liu/taskeeper/sig.go:167.54,179.26 8 1
github.com/kasiss-liu/taskeeper/sig.go:185.2,185.19 1 1
github.com/kasiss-liu/taskeeper/sig.go:188.2,188.20 1 1
github.com/kasiss-liu/taskeeper/sig.go:192.2,192.29 1 1
github.com/kasiss-liu/taskeeper/sig.go:196.2,196.17 1 1
github.com/kasiss-liu/taskeeper/sig.go:204.2,204.78 1 0
github.com/kasiss-liu/taskeeper/sig.go:179.26,180.25 1 1
github.com/kasiss-liu/taskeeper/sig.go:180.25,182.4 1 1
github.com/kasiss-liu/taskeeper/sig.go:185.19,187.3 1 0
github.com/kasiss-liu/taskeeper/sig.go:188.20,191.3 2 1
github.com/kasiss-liu/taskeeper/sig.go:192.29,194.3 1 0
github.com/kasiss-liu/taskeeper/sig.go:197.17,199.30 2 0
github.com/kasiss-liu/taskeeper/sig.go:200.18,202.30 2 1
github.com/kasiss-liu/taskeeper/sig.go:208.47,210.14 2 1
github.com/kasiss-liu/taskeeper/sig.go:225.2,225.16 1 1
github.com/kasiss-liu/taskeeper/sig.go:228.2,229.27 2 1
github.com/kasiss-liu/taskeeper/sig.go:211.22,212.17 1 0
github.com/kasiss-liu/taskeeper/sig.go:216.3,216.21 1 0
github.com/kasiss-liu/taskeeper/sig.go:217.22,218.21 1 0
github.com/kasiss-liu/taskeeper/sig.go:219.22,220.27 1 0
github.com/kasiss-liu/taskeeper/sig.go:221.22,222.27 1 0
github.com/kasiss-liu/taskeeper/sig.go:212.17,215.4 2 0
github.com/kasiss-liu/taskeeper/sig.go:225.16,227.3 1 0
github.com/kasiss-liu/taskeeper/sig.go:233.77,236.28 3 1
github.com/kasiss-liu/taskeeper/sig.go:239.2,240.66 2 1
github.com/kasiss-liu/taskeeper/sig.go:236.28,238.3 1 0
github.com/kasiss-liu/taskeeper/sig.go:244.53,247.30 1 1
github.com/kasiss-liu/taskeeper/sig.go:257.2,257.8 1 1
github.com/kasiss-liu/taskeeper/sig.go:247.30,252.3 3 1
github.com/kasiss-liu/taskeeper/sig.go:252.8,256.3 3 1
github.com/kasiss-liu/taskeeper/sig.go:261.26,262.22 1 1
github.com/kasiss-liu/taskeeper/sig.go:263.17,263.17 0 0
github.com/kasiss-liu/taskeeper/sig.go:264.25,265.24 1 1
github.com/kasiss-liu/taskeeper/sig.go:265.24,268.4 2 1
github.com/kasiss-liu/taskeeper/sig.go:274.24,275.12 1 1
github.com/kasiss-liu/taskeeper/sig.go:275.12,279.3 3 1
github.com/kasiss-liu/taskeeper/start.go:49.13,53.22 2 1
github.com/kasiss-liu/taskeeper/start.go:75.2,78.23 4 1
github.com/kasiss-liu/taskeeper/start.go:54.17,59.57 5 0
github.com/kasiss-liu/taskeeper/start.go:60.25,62.49 2 1
github.com/kasiss-liu/taskeeper/start.go:73.3,73.40 1 1
github.com/kasiss-liu/taskeeper/start.go:62.49,67.4 4 0
github.com/kasiss-liu/taskeeper/start.go:67.9,72.4 4 1
github.com/kasiss-liu/taskeeper/start.go:82.54,90.16 3 1
github.com/kasiss-liu/taskeeper/start.go:94.2,95.16 2 1
github.com/kasiss-liu/taskeeper/start.go:100.2,100.12 1 1
github.com/kasiss-liu/taskeeper/start.go:115.2,117.30 2 1
github.com/kasiss-liu/taskeeper/start.go:135.2,135.16 1 1
github.com/kasiss-liu/taskeeper/start.go:140.2,147.21 5 1
github.com/kasiss-liu/taskeeper/start.go:90.16,92.3 1 0
github.com/kasiss-liu/taskeeper/start.go:95.16,97.3 1 0
github.com/kasiss-liu/taskeeper/start.go:100.12,103.24 1 0
github.com/kasiss-liu/taskeeper/start.go:111.3,112.9 2 0
github.com/kasiss-liu/taskeeper/start.go:103.24,106.15 3 0
github.com/kasiss-liu/taskeeper/start.go:109.4,109.10 1 0
github.com/kasiss-liu/taskeeper/start.go:106.15,108.5 1 0
github.com/kasiss-liu/taskeeper/start.go:117.30,120.17 2 0
github.com/kasiss-liu/taskeeper/start.go:120.17,122.4 1 0
github.com/kasiss-liu/taskeeper/start.go:123.8,126.15 1 1
github.com/kasiss-liu/taskeeper/start.go:126.15,128.18 2 0
github.com/kasiss-liu/taskeeper/start.go:131.4,131.28 1 0
github.com/kasiss-liu/taskeeper/start.go:128.18,130.5 1 0
github.com/kasiss-liu/taskeeper/start.go:135.16,138.3 2 0
github.com/kasiss-liu/taskeeper/start.go:152.28,155.16 2 1
github.com/kasiss-liu/taskeeper/start.go:159.2,160.16 2 1
github.com/kasiss-liu/taskeeper/start.go:163.2,163.23 1 1
github.com/kasiss-liu/taskeeper/start.go:184.2,184.51 1 0
github.com/kasiss-liu/taskeeper/start.go:155.16,157.3 1 0
github.com/kasiss-liu/taskeeper/start.go:160.16,162.3 1 0
github.com/kasiss-liu/taskeeper/start.go:163.23,165.35 2 1
github.com/kasiss-liu/taskeeper/start.go:182.3,182.13 1 1
github.com/kasiss-liu/taskeeper/start.go:165.35,172.28 7 1
github.com/kasiss-liu/taskeeper/start.go:172.28,175.30 3 1
github.com/kasiss-liu/taskeeper/start.go:178.5,179.21 2 1
github.com/kasiss-liu/taskeeper/start.go:175.30,177.6 1 1
github.com/kasiss-liu/taskeeper/start.go:188.41,191.16 3 1
github.com/kasiss-liu/taskeeper/start.go:196.2,196.12 1 1
github.com/kasiss-liu/taskeeper/start.go:191.16,192.25 1 0
github.com/kasiss-liu/taskeeper/start.go:192.25,194.4 1 0
github.com/kasiss-liu/taskeeper/start.go:200.40,205.16 4 1
github.com/kasiss-liu/taskeeper/start.go:209.2,210.16 2 1
github.com/kasiss-liu/taskeeper/start.go:214.2,214.36 1 1
github.com/kasiss-liu/taskeeper/start.go:218.2,218.39 1 1
github.com/kasiss-liu/taskeeper/start.go:223.2,223.36 1 1
github.com/kasiss-liu/taskeeper/start.go:233.2,234.16 2 1
github.com/kasiss-liu/taskeeper/start.go:241.2,242.16 2 1
github.com/kasiss-liu/taskeeper/start.go:246.2,246.23 1 1
github.com/kasiss-liu/taskeeper/start.go:266.2,266.51 1 0
github.com/kasiss-liu/taskeeper/start.go:205.16,207.3 1 0
github.com/kasiss-liu/taskeeper/start.go:210.16,212.3 1 0
github.com/kasiss-liu/taskeeper/start.go:214.36,216.3 1 0
github.com/kasiss-liu/taskeeper/start.go:218.39,221.3 2 1
github.com/kasiss-liu/taskeeper/start.go:223.36,224.59 1 1
github.com/kasiss-liu/taskeeper/start.go:227.3,227.85 1 1
github.com/kasiss-liu/taskeeper/start.go:224.59,226.4 1 0
github.com/kasiss-liu/taskeeper/start.go:227.85,229.4 1 0
github.com/kasiss-liu/taskeeper/start.go:234.16,236.3 1 0
github.com/kasiss-liu/taskeeper/start.go:236.8,238.3 1 1
github.com/kasiss-liu/taskeeper/start.go:242.16,244.3 1 0
github.com/kasiss-liu/taskeeper/start.go:246.23,247.35 1 1
github.com/kasiss-liu/taskeeper/start.go:264.3,264.13 1 1
github.com/kasiss-liu/taskeeper/start.go:247.35,254.28 7 1
github.com/kasiss-liu/taskeeper/start.go:254.28,257.30 3 1
github.com/kasiss-liu/taskeeper/start.go:260.5,261.21 2 1
github.com/kasiss-liu/taskeeper/start.go:257.30,259.6 1 1
github.com/kasiss-liu/taskeeper/start.go:270.44,271.31 1 1
github.com/kasiss-liu/taskeeper/start.go:274.2,276.16 3 0
github.com/kasiss-liu/taskeeper/start.go:279.2,282.19 2 0
github.com/kasiss-liu/taskeeper/start.go:285.2,286.12 2 0
github.com/kasiss-liu/taskeeper/start.go:271.31,273.3 1 1
github.com/kasiss-liu/taskeeper/start.go:276.16,278.3 1 0
github.com/kasiss-liu/taskeeper/start.go:282.19,284.3 1 0
github.com/kasiss-liu/taskeeper/start.go:290.34,291.20 1 1
github.com/kasiss-liu/taskeeper/start.go:295.2,295.10 1 1
github.com/kasiss-liu/taskeeper/start.go:291.20,293.3 1 1
github.com/kasiss-liu/taskeeper/start.go:303.24,304.6 1 1
github.com/kasiss-liu/taskeeper/start.go:304.6,308.23 4 1
github.com/kasiss-liu/taskeeper/start.go:313.3,313.41 1 1
github.com/kasiss-liu/taskeeper/start.go:316.3,317.25 2 1
github.com/kasiss-liu/taskeeper/start.go:308.23,312.4 3 1
github.com/kasiss-liu/taskeeper/start.go:313.41,314.12 1 0
github.com/kasiss-liu/taskeeper/start.go:324.34,325.15 1 1
github.com/kasiss-liu/taskeeper/start.go:328.2,328.25 1 1
github.com/kasiss-liu/taskeeper/start.go:332.2,332.47 1 1
github.com/kasiss-liu/taskeeper/start.go:336.2,336.14 1 0
github.com/kasiss-liu/taskeeper/start.go:325.15,327.3 1 1
github.com/kasiss-liu/taskeeper/start.go:328.25,331.3 2 0
github.com/kasiss-liu/taskeeper/start.go:332.47,335.3 2 1
github.com/kasiss-liu/taskeeper/state.go:23.24,25.2 1 1
github.com/kasiss-liu/taskeeper/state.go:27.24,30.12 1 1
github.com/kasiss-liu/taskeeper/state.go:37.2,37.12 1 1
github.com/kasiss-liu/taskeeper/state.go:30.12,31.7 1 1
github.com/kasiss-liu/taskeeper/state.go:31.7,34.4 2 1
github.com/kasiss-liu/taskeeper/state.go:37.12,38.7 1 1
github.com/kasiss-liu/taskeeper/state.go:38.7,41.18 3 1
github.com/kasiss-liu/taskeeper/state.go:45.4,46.46 2 1
github.com/kasiss-liu/taskeeper/state.go:49.4,50.16 2 1
github.com/kasiss-liu/taskeeper/state.go:41.18,44.5 2 0
github.com/kasiss-liu/taskeeper/state.go:46.46,48.5 1 0
github.com/kasiss-liu/taskeeper/state.go:57.31,59.24 2 1
github.com/kasiss-liu/taskeeper/state.go:62.2,63.16 2 1
github.com/kasiss-liu/taskeeper/state.go:67.2,67.12 1 1
github.com/kasiss-liu/taskeeper/state.go:59.24,61.3 1 1
github.com/kasiss-liu/taskeeper/state.go:63.16,66.3 2 0
github.com/kasiss-liu/taskeeper/state.go:82.37,87.44 4 1
github.com/kasiss-liu/taskeeper/state.go:90.2,90.43 1 1
github.com/kasiss-liu/taskeeper/state.go:93.2,95.32 3 1
github.com/kasiss-liu/taskeeper/state.go:98.2,106.3 1 1
github.com/kasiss-liu/taskeeper/state.go:87.44,89.3 1 1
github.com/kasiss-liu/taskeeper/state.go:90.43,92.3 1 0
github.com/kasiss-liu/taskeeper/state.go:95.32,97.3 1 0
github.com/kasiss-liu/taskeeper/state.go:120.36,123.33 2 1
github.com/kasiss-liu/taskeeper/state.go:150.2,151.12 2 0
github.com/kasiss-liu/taskeeper/state.go:123.33,124.30 1 1
github.com/kasiss-liu/taskeeper/state.go:124.30,127.46 3 1
github.com/kasiss-liu/taskeeper/state.go:132.4,134.18 3 1
github.com/kasiss-liu/taskeeper/state.go:138.4,147.5 2 1
github.com/kasiss-liu/taskeeper/state.go:127.46,130.5 2 1
github.com/kasiss-liu/taskeeper/state.go:134.18,136.5 1 0
github.com/kasiss-liu/taskeeper/state.go:155.42,156.25 1 1
github.com/kasiss-liu/taskeeper/state.go:161.2,161.18 1 0
github.com/kasiss-liu/taskeeper/state.go:156.25,157.31 1 1
github.com/kasiss-liu/taskeeper/state.go:157.31,159.4 1 1
github.com/kasiss-liu/taskeeper/state.go:165.31,167.26 2 1
github.com/kasiss-liu/taskeeper/state.go:173.2,173.13 1 1
github.com/kasiss-liu/taskeeper/state.go:167.26,169.17 2 1
github.com/kasiss-liu/taskeeper/state.go:169.17,171.4 1 1
github.com/kasiss-liu/taskeeper/state.go:177.68,180.12 3 1
github.com/kasiss-liu/taskeeper/state.go:185.2,185.16 1 1
github.com/kasiss-liu/taskeeper/state.go:188.2,188.16 1 0
github.com/kasiss-liu/taskeeper/state.go:180.12,182.3 1 1
github.com/kasiss-liu/taskeeper/state.go:182.8,184.3 1 0
github.com/kasiss-liu/taskeeper/state.go:185.16,187.3 1 1
github.com/kasiss-liu/taskeeper/state.go:192.22,195.16 3 1
github.com/kasiss-liu/taskeeper/state.go:199.2,201.16 3 1
github.com/kasiss-liu/taskeeper/state.go:206.2,207.16 2 1
github.com/kasiss-liu/taskeeper/state.go:211.2,214.16 4 1
github.com/kasiss-liu/taskeeper/state.go:218.2,219.16 2 1
github.com/kasiss-liu/taskeeper/state.go:223.2,223.12 1 1
github.com/kasiss-liu/taskeeper/state.go:195.16,198.3 2 0
github.com/kasiss-liu/taskeeper/state.go:201.16,204.3 2 0
github.com/kasiss-liu/taskeeper/state.go:207.16,210.3 2 0
github.com/kasiss-liu/taskeeper/state.go:214.16,217.3 2 0
github.com/kasiss-liu/taskeeper/state.go:219.16,222.3 2 0
github.com/kasiss-liu/taskeeper/state.go:227.27,230.24 3 1
github.com/kasiss-liu/taskeeper/state.go:233.2,234.16 2 0
github.com/kasiss-liu/taskeeper/state.go:238.2,240.16 3 0
github.com/kasiss-liu/taskeeper/state.go:245.2,247.16 3 0
github.com/kasiss-liu/taskeeper/state.go:251.2,254.16 2 0
github.com/kasiss-liu/taskeeper/state.go:258.2,260.27 3 0
github.com/kasiss-liu/taskeeper/state.go:230.24,232.3 1 1
github.com/kasiss-liu/taskeeper/state.go:234.16,237.3 2 0
github.com/kasiss-liu/taskeeper/state.go:240.16,243.3 2 0
github.com/kasiss-liu/taskeeper/state.go:247.16,250.3 2 0
github.com/kasiss-liu/taskeeper/state.go:254.16,257.3 2 0
github.com/kasiss-liu/taskeeper/state.go:265.25,268.24 3 1
github.com/kasiss-liu/taskeeper/state.go:271.2,272.16 2 1
github.com/kasiss-liu/taskeeper/state.go:276.2,276.12 1 1
github.com/kasiss-liu/taskeeper/state.go:268.24,270.3 1 1
github.com/kasiss-liu/taskeeper/state.go:272.16,275.3 2 0
github.com/kasiss-liu/taskeeper/state.go:280.29,283.24 3 1
github.com/kasiss-liu/taskeeper/state.go:286.2,287.16 2 1
github.com/kasiss-liu/taskeeper/state.go:291.2,291.12 1 1
github.com/kasiss-liu/taskeeper/state.go:283.24,285.3 1 0
github.com/kasiss-liu/taskeeper/state.go:287.16,290.3 2 0
github.com/kasiss-liu/taskeeper/state.go:305.37,314.22 2 1
github.com/kasiss-liu/taskeeper/state.go:319.2,319.14 1 1
github.com/kasiss-liu/taskeeper/state.go:315.17,315.17 0 0
github.com/kasiss-liu/taskeeper/state.go:316.25,317.28 1 1
github.com/kasiss-liu/taskeeper/utils.go:21.36,26.2 4 1
github.com/kasiss-liu/taskeeper/utils.go:29.23,30.22 1 1
github.com/kasiss-liu/taskeeper/utils.go:31.9,32.39 1 1
github.com/kasiss-liu/taskeeper/utils.go:33.9,34.40 1 1
github.com/kasiss-liu/taskeeper/utils.go:35.10,36.36 1 1
github.com/kasiss-liu/taskeeper/utils.go:40.26,42.2 1 1
github.com/kasiss-liu/taskeeper/utils.go:44.32,46.2 1 1
github.com/kasiss-liu/taskeeper/utils.go:48.26,50.2 1 1
github.com/kasiss-liu/taskeeper/utils.go:52.44,55.24 3 1
github.com/kasiss-liu/taskeeper/utils.go:58.2,59.16 2 1
github.com/kasiss-liu/taskeeper/utils.go:62.2,63.16 2 1
github.com/kasiss-liu/taskeeper/utils.go:66.2,66.15 1 1
github.com/kasiss-liu/taskeeper/utils.go:55.24,57.3 1 0
github.com/kasiss-liu/taskeeper/utils.go:59.16,61.3 1 1
github.com/kasiss-liu/taskeeper/utils.go:63.16,65.3 1 0
github.com/kasiss-liu/taskeeper/utils.go:69.36,72.49 2 1
github.com/kasiss-liu/taskeeper/utils.go:77.2,77.50 1 1
github.com/kasiss-liu/taskeeper/utils.go:82.2,82.52 1 1
github.com/kasiss-liu/taskeeper/utils.go:87.2,89.31 3 1
github.com/kasiss-liu/taskeeper/utils.go:72.49,76.3 3 0
github.com/kasiss-liu/taskeeper/utils.go:77.50,81.3 3 0
github.com/kasiss-liu/taskeeper/utils.go:82.52,86.3 3 0
github.com/kasiss-liu/taskeeper/utils.go:92.33,94.2 1 1
