mode: set
github.com/kasiss-liu/taskeeper/cmd.go:22.52,26.2 3 1
github.com/kasiss-liu/taskeeper/cmd.go:29.33,31.2 1 1
github.com/kasiss-liu/taskeeper/cmd.go:34.35,36.2 1 1
github.com/kasiss-liu/taskeeper/cmd.go:39.31,45.17 5 1
github.com/kasiss-liu/taskeeper/cmd.go:48.2,49.16 2 1
github.com/kasiss-liu/taskeeper/cmd.go:54.2,55.10 2 1
github.com/kasiss-liu/taskeeper/cmd.go:45.17,47.3 1 1
github.com/kasiss-liu/taskeeper/cmd.go:49.16,52.3 2 1
github.com/kasiss-liu/taskeeper/cmd.go:59.31,61.2 1 1
github.com/kasiss-liu/taskeeper/cmd.go:64.36,66.2 1 1
github.com/kasiss-liu/taskeeper/cmd.go:69.29,71.2 1 1
github.com/kasiss-liu/taskeeper/cmd.go:74.41,76.2 1 0
github.com/kasiss-liu/taskeeper/cmd.go:79.32,80.22 1 1
github.com/kasiss-liu/taskeeper/cmd.go:83.2,84.16 2 0
github.com/kasiss-liu/taskeeper/cmd.go:87.2,87.23 1 0
github.com/kasiss-liu/taskeeper/cmd.go:80.22,82.3 1 1
github.com/kasiss-liu/taskeeper/cmd.go:84.16,86.3 1 0
github.com/kasiss-liu/taskeeper/cmd.go:92.52,94.2 1 1
github.com/kasiss-liu/taskeeper/cmd.go:97.47,99.2 1 0
github.com/kasiss-liu/taskeeper/cmd.go:103.35,105.2 1 0
github.com/kasiss-liu/taskeeper/cmd.go:108.68,116.2 1 1
github.com/kasiss-liu/taskeeper/run.go:36.13,39.2 2 1
github.com/kasiss-liu/taskeeper/run.go:43.12,47.15 2 1
github.com/kasiss-liu/taskeeper/run.go:52.2,52.16 1 1
github.com/kasiss-liu/taskeeper/run.go:58.2,60.12 2 1
github.com/kasiss-liu/taskeeper/run.go:64.2,66.6 2 1
github.com/kasiss-liu/taskeeper/run.go:47.15,51.3 3 1
github.com/kasiss-liu/taskeeper/run.go:52.16,55.3 2 0
github.com/kasiss-liu/taskeeper/run.go:60.12,62.3 1 1
github.com/kasiss-liu/taskeeper/run.go:66.6,68.14 2 1
github.com/kasiss-liu/taskeeper/run.go:70.18,72.18 2 1
github.com/kasiss-liu/taskeeper/run.go:80.17,81.15 1 1
github.com/kasiss-liu/taskeeper/run.go:83.16,87.10 4 1
github.com/kasiss-liu/taskeeper/run.go:88.11,89.44 1 0
github.com/kasiss-liu/taskeeper/run.go:72.18,78.5 5 1
github.com/kasiss-liu/taskeeper/run.go:97.46,99.6 2 1
github.com/kasiss-liu/taskeeper/run.go:99.6,103.19 2 1
github.com/kasiss-liu/taskeeper/run.go:111.3,120.17 6 1
github.com/kasiss-liu/taskeeper/run.go:124.3,124.45 1 1
github.com/kasiss-liu/taskeeper/run.go:129.3,137.46 6 0
github.com/kasiss-liu/taskeeper/run.go:157.3,158.45 2 0
github.com/kasiss-liu/taskeeper/run.go:103.19,108.9 5 0
github.com/kasiss-liu/taskeeper/run.go:120.17,122.4 1 0
github.com/kasiss-liu/taskeeper/run.go:124.45,126.9 1 1
github.com/kasiss-liu/taskeeper/run.go:137.46,139.37 1 0
github.com/kasiss-liu/taskeeper/run.go:139.37,142.48 2 0
github.com/kasiss-liu/taskeeper/run.go:151.5,151.13 1 0
github.com/kasiss-liu/taskeeper/run.go:142.48,149.11 5 0
github.com/kasiss-liu/taskeeper/run.go:163.17,164.44 1 1
github.com/kasiss-liu/taskeeper/run.go:164.44,170.17 6 1
github.com/kasiss-liu/taskeeper/run.go:170.17,172.4 1 0
github.com/kasiss-liu/taskeeper/run.go:172.9,174.4 1 1
github.com/kasiss-liu/taskeeper/run.go:179.25,181.16 2 1
github.com/kasiss-liu/taskeeper/run.go:185.2,185.12 1 1
github.com/kasiss-liu/taskeeper/run.go:181.16,184.3 2 0
github.com/kasiss-liu/taskeeper/run.go:189.17,202.2 10 1
github.com/kasiss-liu/taskeeper/run.go:205.24,207.27 1 1
github.com/kasiss-liu/taskeeper/run.go:213.2,213.28 1 1
github.com/kasiss-liu/taskeeper/run.go:229.2,229.20 1 1
github.com/kasiss-liu/taskeeper/run.go:235.2,235.12 1 1
github.com/kasiss-liu/taskeeper/run.go:207.27,211.3 3 0
github.com/kasiss-liu/taskeeper/run.go:213.28,214.20 1 1
github.com/kasiss-liu/taskeeper/run.go:219.3,219.19 1 1
github.com/kasiss-liu/taskeeper/run.go:214.20,218.4 3 1
github.com/kasiss-liu/taskeeper/run.go:219.19,221.27 2 1
github.com/kasiss-liu/taskeeper/run.go:221.27,225.5 3 1
github.com/kasiss-liu/taskeeper/run.go:229.20,231.3 1 1
github.com/kasiss-liu/taskeeper/run.go:231.8,234.3 1 1
github.com/kasiss-liu/taskeeper/run.go:239.29,240.6 1 1
github.com/kasiss-liu/taskeeper/run.go:240.6,241.44 1 1
github.com/kasiss-liu/taskeeper/run.go:246.3,246.30 1 1
github.com/kasiss-liu/taskeeper/run.go:241.44,242.45 1 0
github.com/kasiss-liu/taskeeper/run.go:242.45,244.5 1 0
github.com/kasiss-liu/taskeeper/run.go:251.29,252.6 1 1
github.com/kasiss-liu/taskeeper/run.go:252.6,253.44 1 1
github.com/kasiss-liu/taskeeper/run.go:259.3,259.31 1 1
github.com/kasiss-liu/taskeeper/run.go:253.44,254.45 1 1
github.com/kasiss-liu/taskeeper/run.go:254.45,257.5 2 1
github.com/kasiss-liu/taskeeper/run.go:264.37,265.19 1 1
github.com/kasiss-liu/taskeeper/run.go:268.2,269.16 2 1
github.com/kasiss-liu/taskeeper/run.go:273.2,273.15 1 1
github.com/kasiss-liu/taskeeper/run.go:265.19,267.3 1 0
github.com/kasiss-liu/taskeeper/run.go:269.16,272.3 2 0
github.com/kasiss-liu/taskeeper/run.go:273.15,275.3 1 0
github.com/kasiss-liu/taskeeper/run.go:275.8,277.3 1 1
github.com/kasiss-liu/taskeeper/run.go:281.34,282.19 1 1
github.com/kasiss-liu/taskeeper/run.go:285.2,288.16 4 1
github.com/kasiss-liu/taskeeper/run.go:291.2,291.14 1 1
github.com/kasiss-liu/taskeeper/run.go:282.19,284.3 1 0
github.com/kasiss-liu/taskeeper/run.go:288.16,290.3 1 0
github.com/kasiss-liu/taskeeper/sig.go:57.13,71.2 5 1
github.com/kasiss-liu/taskeeper/sig.go:75.27,77.22 1 1
github.com/kasiss-liu/taskeeper/sig.go:78.17,79.14 1 0
github.com/kasiss-liu/taskeeper/sig.go:81.25,82.14 1 1
github.com/kasiss-liu/taskeeper/sig.go:88.18,92.16 4 1
github.com/kasiss-liu/taskeeper/sig.go:95.2,96.16 2 1
github.com/kasiss-liu/taskeeper/sig.go:100.2,100.12 1 1
github.com/kasiss-liu/taskeeper/sig.go:114.2,114.60 1 1
github.com/kasiss-liu/taskeeper/sig.go:92.16,94.3 1 0
github.com/kasiss-liu/taskeeper/sig.go:96.16,98.3 1 0
github.com/kasiss-liu/taskeeper/sig.go:100.12,101.7 1 1
github.com/kasiss-liu/taskeeper/sig.go:101.7,103.18 2 1
github.com/kasiss-liu/taskeeper/sig.go:111.4,111.22 1 1
github.com/kasiss-liu/taskeeper/sig.go:103.18,104.40 1 0
github.com/kasiss-liu/taskeeper/sig.go:107.5,108.13 2 0
github.com/kasiss-liu/taskeeper/sig.go:104.40,105.11 1 0
github.com/kasiss-liu/taskeeper/sig.go:118.31,119.6 1 1
github.com/kasiss-liu/taskeeper/sig.go:119.6,122.17 3 1
github.com/kasiss-liu/taskeeper/sig.go:129.3,131.17 3 1
github.com/kasiss-liu/taskeeper/sig.go:122.17,123.21 1 1
github.com/kasiss-liu/taskeeper/sig.go:126.4,127.9 2 1
github.com/kasiss-liu/taskeeper/sig.go:123.21,125.5 1 0
github.com/kasiss-liu/taskeeper/sig.go:137.19,141.16 4 1
github.com/kasiss-liu/taskeeper/sig.go:144.2,146.12 2 1
github.com/kasiss-liu/taskeeper/sig.go:160.2,160.44 1 1
github.com/kasiss-liu/taskeeper/sig.go:141.16,143.3 1 0
github.com/kasiss-liu/taskeeper/sig.go:146.12,147.7 1 1
github.com/kasiss-liu/taskeeper/sig.go:147.7,149.18 2 1
github.com/kasiss-liu/taskeeper/sig.go:157.4,157.22 1 0
github.com/kasiss-liu/taskeeper/sig.go:149.18,150.40 1 1
github.com/kasiss-liu/taskeeper/sig.go:153.5,154.13 2 0
github.com/kasiss-liu/taskeeper/sig.go:150.40,151.11 1 1
github.com/kasiss-liu/taskeeper/sig.go:170.54,182.26 8 1
github.com/kasiss-liu/taskeeper/sig.go:188.2,188.19 1 1
github.com/kasiss-liu/taskeeper/sig.go:191.2,191.20 1 1
github.com/kasiss-liu/taskeeper/sig.go:195.2,195.29 1 1
github.com/kasiss-liu/taskeeper/sig.go:199.2,199.17 1 1
github.com/kasiss-liu/taskeeper/sig.go:207.2,207.78 1 0
github.com/kasiss-liu/taskeeper/sig.go:182.26,183.25 1 1
github.com/kasiss-liu/taskeeper/sig.go:183.25,185.4 1 1
github.com/kasiss-liu/taskeeper/sig.go:188.19,190.3 1 0
github.com/kasiss-liu/taskeeper/sig.go:191.20,194.3 2 1
github.com/kasiss-liu/taskeeper/sig.go:195.29,197.3 1 0
github.com/kasiss-liu/taskeeper/sig.go:200.17,202.30 2 0
github.com/kasiss-liu/taskeeper/sig.go:203.18,205.30 2 1
github.com/kasiss-liu/taskeeper/sig.go:211.47,213.14 2 1
github.com/kasiss-liu/taskeeper/sig.go:228.2,228.16 1 1
github.com/kasiss-liu/taskeeper/sig.go:231.2,232.27 2 1
github.com/kasiss-liu/taskeeper/sig.go:214.22,215.17 1 0
github.com/kasiss-liu/taskeeper/sig.go:219.3,219.21 1 0
github.com/kasiss-liu/taskeeper/sig.go:220.22,221.21 1 0
github.com/kasiss-liu/taskeeper/sig.go:222.22,223.27 1 0
github.com/kasiss-liu/taskeeper/sig.go:224.22,225.27 1 0
github.com/kasiss-liu/taskeeper/sig.go:215.17,218.4 2 0
github.com/kasiss-liu/taskeeper/sig.go:228.16,230.3 1 0
github.com/kasiss-liu/taskeeper/sig.go:236.77,239.28 3 1
github.com/kasiss-liu/taskeeper/sig.go:242.2,243.66 2 1
github.com/kasiss-liu/taskeeper/sig.go:239.28,241.3 1 0
github.com/kasiss-liu/taskeeper/sig.go:247.53,250.30 1 1
github.com/kasiss-liu/taskeeper/sig.go:260.2,260.8 1 1
github.com/kasiss-liu/taskeeper/sig.go:250.30,255.3 3 1
github.com/kasiss-liu/taskeeper/sig.go:255.8,259.3 3 1
github.com/kasiss-liu/taskeeper/sig.go:264.26,265.22 1 1
github.com/kasiss-liu/taskeeper/sig.go:266.17,266.17 0 0
github.com/kasiss-liu/taskeeper/sig.go:267.25,268.24 1 1
github.com/kasiss-liu/taskeeper/sig.go:268.24,271.4 2 1
github.com/kasiss-liu/taskeeper/sig.go:277.24,278.12 1 1
github.com/kasiss-liu/taskeeper/sig.go:278.12,282.3 3 1
github.com/kasiss-liu/taskeeper/start.go:49.13,53.22 2 1
github.com/kasiss-liu/taskeeper/start.go:75.2,78.23 4 1
github.com/kasiss-liu/taskeeper/start.go:54.17,59.57 5 0
github.com/kasiss-liu/taskeeper/start.go:60.25,62.49 2 1
github.com/kasiss-liu/taskeeper/start.go:73.3,73.40 1 1
github.com/kasiss-liu/taskeeper/start.go:62.49,67.4 4 0
github.com/kasiss-liu/taskeeper/start.go:67.9,72.4 4 1
github.com/kasiss-liu/taskeeper/start.go:82.54,90.16 3 1
github.com/kasiss-liu/taskeeper/start.go:94.2,95.16 2 1
github.com/kasiss-liu/taskeeper/start.go:100.2,100.12 1 1
github.com/kasiss-liu/taskeeper/start.go:115.2,117.30 2 1
github.com/kasiss-liu/taskeeper/start.go:135.2,135.16 1 1
github.com/kasiss-liu/taskeeper/start.go:140.2,147.21 5 1
github.com/kasiss-liu/taskeeper/start.go:90.16,92.3 1 0
github.com/kasiss-liu/taskeeper/start.go:95.16,97.3 1 0
github.com/kasiss-liu/taskeeper/start.go:100.12,103.24 1 0
github.com/kasiss-liu/taskeeper/start.go:111.3,112.9 2 0
github.com/kasiss-liu/taskeeper/start.go:103.24,106.15 3 0
github.com/kasiss-liu/taskeeper/start.go:109.4,109.10 1 0
github.com/kasiss-liu/taskeeper/start.go:106.15,108.5 1 0
github.com/kasiss-liu/taskeeper/start.go:117.30,120.17 2 0
github.com/kasiss-liu/taskeeper/start.go:120.17,122.4 1 0
github.com/kasiss-liu/taskeeper/start.go:123.8,126.15 1 1
github.com/kasiss-liu/taskeeper/start.go:126.15,128.18 2 0
github.com/kasiss-liu/taskeeper/start.go:131.4,131.28 1 0
github.com/kasiss-liu/taskeeper/start.go:128.18,130.5 1 0
github.com/kasiss-liu/taskeeper/start.go:135.16,138.3 2 0
github.com/kasiss-liu/taskeeper/start.go:152.28,155.16 2 1
github.com/kasiss-liu/taskeeper/start.go:159.2,160.16 2 1
github.com/kasiss-liu/taskeeper/start.go:163.2,163.23 1 1
github.com/kasiss-liu/taskeeper/start.go:184.2,184.51 1 0
github.com/kasiss-liu/taskeeper/start.go:155.16,157.3 1 0
github.com/kasiss-liu/taskeeper/start.go:160.16,162.3 1 0
github.com/kasiss-liu/taskeeper/start.go:163.23,165.35 2 1
github.com/kasiss-liu/taskeeper/start.go:182.3,182.13 1 1
github.com/kasiss-liu/taskeeper/start.go:165.35,172.28 7 1
github.com/kasiss-liu/taskeeper/start.go:172.28,175.30 3 1
github.com/kasiss-liu/taskeeper/start.go:178.5,179.21 2 1
github.com/kasiss-liu/taskeeper/start.go:175.30,177.6 1 1
github.com/kasiss-liu/taskeeper/start.go:188.41,191.16 3 1
github.com/kasiss-liu/taskeeper/start.go:196.2,196.12 1 1
github.com/kasiss-liu/taskeeper/start.go:191.16,192.25 1 0
github.com/kasiss-liu/taskeeper/start.go:192.25,194.4 1 0
github.com/kasiss-liu/taskeeper/start.go:200.40,205.16 4 1
github.com/kasiss-liu/taskeeper/start.go:209.2,210.16 2 1
github.com/kasiss-liu/taskeeper/start.go:214.2,214.36 1 1
github.com/kasiss-liu/taskeeper/start.go:218.2,218.39 1 1
github.com/kasiss-liu/taskeeper/start.go:223.2,223.36 1 1
github.com/kasiss-liu/taskeeper/start.go:233.2,234.16 2 1
github.com/kasiss-liu/taskeeper/start.go:241.2,242.16 2 1
github.com/kasiss-liu/taskeeper/start.go:246.2,246.23 1 1
github.com/kasiss-liu/taskeeper/start.go:266.2,266.51 1 0
github.com/kasiss-liu/taskeeper/start.go:205.16,207.3 1 0
github.com/kasiss-liu/taskeeper/start.go:210.16,212.3 1 0
github.com/kasiss-liu/taskeeper/start.go:214.36,216.3 1 1
github.com/kasiss-liu/taskeeper/start.go:218.39,221.3 2 1
github.com/kasiss-liu/taskeeper/start.go:223.36,224.59 1 1
github.com/kasiss-liu/taskeeper/start.go:227.3,227.85 1 1
github.com/kasiss-liu/taskeeper/start.go:224.59,226.4 1 0
github.com/kasiss-liu/taskeeper/start.go:227.85,229.4 1 0
github.com/kasiss-liu/taskeeper/start.go:234.16,236.3 1 0
github.com/kasiss-liu/taskeeper/start.go:236.8,238.3 1 1
github.com/kasiss-liu/taskeeper/start.go:242.16,244.3 1 0
github.com/kasiss-liu/taskeeper/start.go:246.23,247.35 1 1
github.com/kasiss-liu/taskeeper/start.go:264.3,264.13 1 1
github.com/kasiss-liu/taskeeper/start.go:247.35,254.28 7 1
github.com/kasiss-liu/taskeeper/start.go:254.28,257.30 3 1
github.com/kasiss-liu/taskeeper/start.go:260.5,261.21 2 1
github.com/kasiss-liu/taskeeper/start.go:257.30,259.6 1 1
github.com/kasiss-liu/taskeeper/start.go:270.44,271.31 1 1
github.com/kasiss-liu/taskeeper/start.go:274.2,276.16 3 0
github.com/kasiss-liu/taskeeper/start.go:279.2,282.19 2 0
github.com/kasiss-liu/taskeeper/start.go:285.2,286.12 2 0
github.com/kasiss-liu/taskeeper/start.go:271.31,273.3 1 1
github.com/kasiss-liu/taskeeper/start.go:276.16,278.3 1 0
github.com/kasiss-liu/taskeeper/start.go:282.19,284.3 1 0
github.com/kasiss-liu/taskeeper/start.go:290.34,291.20 1 1
github.com/kasiss-liu/taskeeper/start.go:295.2,295.10 1 1
github.com/kasiss-liu/taskeeper/start.go:291.20,293.3 1 1
github.com/kasiss-liu/taskeeper/start.go:303.24,304.6 1 1
github.com/kasiss-liu/taskeeper/start.go:304.6,308.23 4 1
github.com/kasiss-liu/taskeeper/start.go:313.3,313.41 1 1
github.com/kasiss-liu/taskeeper/start.go:316.3,317.25 2 1
github.com/kasiss-liu/taskeeper/start.go:308.23,312.4 3 1
github.com/kasiss-liu/taskeeper/start.go:313.41,314.12 1 0
github.com/kasiss-liu/taskeeper/start.go:324.34,325.15 1 1
github.com/kasiss-liu/taskeeper/start.go:328.2,328.25 1 1
github.com/kasiss-liu/taskeeper/start.go:332.2,332.47 1 1
github.com/kasiss-liu/taskeeper/start.go:336.2,336.14 1 0
github.com/kasiss-liu/taskeeper/start.go:325.15,327.3 1 1
github.com/kasiss-liu/taskeeper/start.go:328.25,331.3 2 0
github.com/kasiss-liu/taskeeper/start.go:332.47,335.3 2 1
github.com/kasiss-liu/taskeeper/state.go:24.24,26.2 1 1
github.com/kasiss-liu/taskeeper/state.go:29.24,32.12 1 1
github.com/kasiss-liu/taskeeper/state.go:39.2,39.12 1 1
github.com/kasiss-liu/taskeeper/state.go:32.12,33.7 1 1
github.com/kasiss-liu/taskeeper/state.go:33.7,36.4 2 1
github.com/kasiss-liu/taskeeper/state.go:39.12,40.7 1 1
github.com/kasiss-liu/taskeeper/state.go:40.7,43.18 3 1
github.com/kasiss-liu/taskeeper/state.go:47.4,48.46 2 1
github.com/kasiss-liu/taskeeper/state.go:51.4,52.16 2 1
github.com/kasiss-liu/taskeeper/state.go:43.18,46.5 2 0
github.com/kasiss-liu/taskeeper/state.go:48.46,50.5 1 0
github.com/kasiss-liu/taskeeper/state.go:59.31,61.24 2 1
github.com/kasiss-liu/taskeeper/state.go:64.2,65.16 2 1
github.com/kasiss-liu/taskeeper/state.go:69.2,69.12 1 1
github.com/kasiss-liu/taskeeper/state.go:61.24,63.3 1 1
github.com/kasiss-liu/taskeeper/state.go:65.16,68.3 2 0
github.com/kasiss-liu/taskeeper/state.go:88.37,93.44 4 1
github.com/kasiss-liu/taskeeper/state.go:96.2,96.43 1 1
github.com/kasiss-liu/taskeeper/state.go:99.2,101.32 3 1
github.com/kasiss-liu/taskeeper/state.go:105.2,107.44 3 1
github.com/kasiss-liu/taskeeper/state.go:111.2,112.44 2 1
github.com/kasiss-liu/taskeeper/state.go:116.2,127.3 1 1
github.com/kasiss-liu/taskeeper/state.go:93.44,95.3 1 1
github.com/kasiss-liu/taskeeper/state.go:96.43,98.3 1 0
github.com/kasiss-liu/taskeeper/state.go:101.32,103.3 1 0
github.com/kasiss-liu/taskeeper/state.go:107.44,109.3 1 0
github.com/kasiss-liu/taskeeper/state.go:112.44,114.3 1 1
github.com/kasiss-liu/taskeeper/state.go:142.36,145.33 2 1
github.com/kasiss-liu/taskeeper/state.go:172.2,173.12 2 0
github.com/kasiss-liu/taskeeper/state.go:145.33,146.30 1 1
github.com/kasiss-liu/taskeeper/state.go:146.30,149.46 3 1
github.com/kasiss-liu/taskeeper/state.go:154.4,156.18 3 1
github.com/kasiss-liu/taskeeper/state.go:160.4,169.5 2 1
github.com/kasiss-liu/taskeeper/state.go:149.46,152.5 2 1
github.com/kasiss-liu/taskeeper/state.go:156.18,158.5 1 0
github.com/kasiss-liu/taskeeper/state.go:177.42,178.25 1 1
github.com/kasiss-liu/taskeeper/state.go:183.2,183.18 1 0
github.com/kasiss-liu/taskeeper/state.go:178.25,179.31 1 1
github.com/kasiss-liu/taskeeper/state.go:179.31,181.4 1 1
github.com/kasiss-liu/taskeeper/state.go:187.31,189.26 2 1
github.com/kasiss-liu/taskeeper/state.go:195.2,195.13 1 1
github.com/kasiss-liu/taskeeper/state.go:189.26,191.17 2 1
github.com/kasiss-liu/taskeeper/state.go:191.17,193.4 1 1
github.com/kasiss-liu/taskeeper/state.go:199.68,202.12 3 1
github.com/kasiss-liu/taskeeper/state.go:207.2,207.16 1 1
github.com/kasiss-liu/taskeeper/state.go:210.2,210.16 1 0
github.com/kasiss-liu/taskeeper/state.go:202.12,204.3 1 1
github.com/kasiss-liu/taskeeper/state.go:204.8,206.3 1 0
github.com/kasiss-liu/taskeeper/state.go:207.16,209.3 1 1
github.com/kasiss-liu/taskeeper/state.go:214.22,217.16 3 1
github.com/kasiss-liu/taskeeper/state.go:221.2,223.16 3 1
github.com/kasiss-liu/taskeeper/state.go:228.2,229.16 2 1
github.com/kasiss-liu/taskeeper/state.go:233.2,236.16 4 1
github.com/kasiss-liu/taskeeper/state.go:240.2,241.16 2 1
github.com/kasiss-liu/taskeeper/state.go:245.2,245.12 1 1
github.com/kasiss-liu/taskeeper/state.go:217.16,220.3 2 0
github.com/kasiss-liu/taskeeper/state.go:223.16,226.3 2 0
github.com/kasiss-liu/taskeeper/state.go:229.16,232.3 2 0
github.com/kasiss-liu/taskeeper/state.go:236.16,239.3 2 0
github.com/kasiss-liu/taskeeper/state.go:241.16,244.3 2 0
github.com/kasiss-liu/taskeeper/state.go:249.27,252.24 3 1
github.com/kasiss-liu/taskeeper/state.go:255.2,256.16 2 0
github.com/kasiss-liu/taskeeper/state.go:260.2,262.16 3 0
github.com/kasiss-liu/taskeeper/state.go:267.2,269.16 3 0
github.com/kasiss-liu/taskeeper/state.go:273.2,276.16 2 0
github.com/kasiss-liu/taskeeper/state.go:280.2,282.27 3 0
github.com/kasiss-liu/taskeeper/state.go:252.24,254.3 1 1
github.com/kasiss-liu/taskeeper/state.go:256.16,259.3 2 0
github.com/kasiss-liu/taskeeper/state.go:262.16,265.3 2 0
github.com/kasiss-liu/taskeeper/state.go:269.16,272.3 2 0
github.com/kasiss-liu/taskeeper/state.go:276.16,279.3 2 0
github.com/kasiss-liu/taskeeper/state.go:287.25,290.24 3 1
github.com/kasiss-liu/taskeeper/state.go:293.2,294.16 2 1
github.com/kasiss-liu/taskeeper/state.go:298.2,298.12 1 1
github.com/kasiss-liu/taskeeper/state.go:290.24,292.3 1 1
github.com/kasiss-liu/taskeeper/state.go:294.16,297.3 2 0
github.com/kasiss-liu/taskeeper/state.go:302.29,305.24 3 1
github.com/kasiss-liu/taskeeper/state.go:308.2,309.16 2 1
github.com/kasiss-liu/taskeeper/state.go:313.2,313.12 1 1
github.com/kasiss-liu/taskeeper/state.go:305.24,307.3 1 0
github.com/kasiss-liu/taskeeper/state.go:309.16,312.3 2 0
github.com/kasiss-liu/taskeeper/state.go:328.37,337.22 2 1
github.com/kasiss-liu/taskeeper/state.go:342.2,342.14 1 1
github.com/kasiss-liu/taskeeper/state.go:338.17,338.17 0 0
github.com/kasiss-liu/taskeeper/state.go:339.25,340.28 1 1
github.com/kasiss-liu/taskeeper/utils.go:21.36,26.2 4 1
github.com/kasiss-liu/taskeeper/utils.go:29.23,30.22 1 1
github.com/kasiss-liu/taskeeper/utils.go:31.9,32.39 1 1
github.com/kasiss-liu/taskeeper/utils.go:33.9,34.40 1 1
github.com/kasiss-liu/taskeeper/utils.go:35.10,36.36 1 1
github.com/kasiss-liu/taskeeper/utils.go:41.26,43.2 1 1
github.com/kasiss-liu/taskeeper/utils.go:46.32,48.2 1 1
github.com/kasiss-liu/taskeeper/utils.go:51.26,53.2 1 1
github.com/kasiss-liu/taskeeper/utils.go:56.44,59.24 3 1
github.com/kasiss-liu/taskeeper/utils.go:62.2,63.16 2 1
github.com/kasiss-liu/taskeeper/utils.go:66.2,67.16 2 1
github.com/kasiss-liu/taskeeper/utils.go:70.2,70.15 1 1
github.com/kasiss-liu/taskeeper/utils.go:59.24,61.3 1 1
github.com/kasiss-liu/taskeeper/utils.go:63.16,65.3 1 0
github.com/kasiss-liu/taskeeper/utils.go:67.16,69.3 1 0
github.com/kasiss-liu/taskeeper/utils.go:75.36,78.49 2 1
github.com/kasiss-liu/taskeeper/utils.go:83.2,83.50 1 1
github.com/kasiss-liu/taskeeper/utils.go:88.2,88.52 1 1
github.com/kasiss-liu/taskeeper/utils.go:93.2,95.31 3 1
github.com/kasiss-liu/taskeeper/utils.go:78.49,82.3 3 0
github.com/kasiss-liu/taskeeper/utils.go:83.50,87.3 3 0
github.com/kasiss-liu/taskeeper/utils.go:88.52,92.3 3 0
github.com/kasiss-liu/taskeeper/utils.go:100.33,102.2 1 1
